<?xml version="1.0" encoding="UTF-8"?>
<testng-results ignored="0" total="1" passed="1" failed="0" skipped="0">
  <reporter-output>
  </reporter-output>
  <suite started-at="2024-10-24T06:28:07Z" name="Default suite" finished-at="2024-10-24T06:28:49Z" duration-ms="42223">
    <groups>
    </groups>
    <test started-at="2024-10-24T06:28:07Z" name="Default test" finished-at="2024-10-24T06:28:49Z" duration-ms="42223">
      <class name="Tests.LoginTest">
        <test-method is-config="true" signature="setUp()[pri:0, instance:Tests.LoginTest@5852c06f]" started-at="2024-10-24T06:28:07Z" name="setUp" finished-at="2024-10-24T06:28:09Z" duration-ms="2662" status="PASS">
          <reporter-output>
          </reporter-output>
        </test-method> <!-- setUp -->
        <test-method is-config="true" signature="beforeTestMethod()[pri:0, instance:Tests.LoginTest@5852c06f]" started-at="2024-10-24T06:28:09Z" name="beforeTestMethod" finished-at="2024-10-24T06:28:46Z" duration-ms="37242" status="PASS">
          <reporter-output>
          </reporter-output>
        </test-method> <!-- beforeTestMethod -->
        <test-method signature="testInsertAndVerifyData(org.json.JSONArray)[pri:0, instance:Tests.LoginTest@5852c06f]" started-at="2024-10-24T06:28:46Z" name="testInsertAndVerifyData" data-provider="jsonData" finished-at="2024-10-24T06:28:48Z" duration-ms="1951" status="PASS">
          <params>
            <param index="0">
              <value>
                <![CDATA[[{"gender":"male","name":"Bob","age":20},{"gender":"male","name":"George","age":42},{"gender":"female","name":"Sara","age":42},{"gender":"male","name":"Conor","age":40},{"gender":"female","name":"Jennifer","age":42}]]]>
              </value>
            </param>
          </params>
          <reporter-output>
          </reporter-output>
        </test-method> <!-- testInsertAndVerifyData -->
        <test-method is-config="true" signature="afterTestMethod()[pri:0, instance:Tests.LoginTest@5852c06f]" started-at="2024-10-24T06:28:48Z" name="afterTestMethod" finished-at="2024-10-24T06:28:48Z" duration-ms="0" status="PASS">
          <reporter-output>
          </reporter-output>
        </test-method> <!-- afterTestMethod -->
        <test-method is-config="true" signature="tearDown()[pri:0, instance:Tests.LoginTest@5852c06f]" started-at="2024-10-24T06:28:48Z" name="tearDown" finished-at="2024-10-24T06:28:49Z" duration-ms="320" status="PASS">
          <reporter-output>
          </reporter-output>
        </test-method> <!-- tearDown -->
      </class> <!-- Tests.LoginTest -->
    </test> <!-- Default test -->
  </suite> <!-- Default suite -->
</testng-results>
